
12월 20, 2023 11:43:00.13 NEW SESSION
12월 20, 2023 11:43:00.17 [8480:3524:1220/114300.131:ERROR:interface_endpoint_client.cc(702)] Message 1 rejected by interface blink.mojom.WidgetHost
12월 20, 2023 11:43:35.51 [8480:3524:1220/114335.515:ERROR:interface_endpoint_client.cc(702)] Message 1 rejected by interface blink.mojom.WidgetHost
12월 20, 2023 11:45:56.36 [8480:3524:1220/114556.365:ERROR:interface_endpoint_client.cc(702)] Message 1 rejected by interface blink.mojom.WidgetHost
12월 20, 2023 11:49:10.86 [8480:3524:1220/114910.867:ERROR:interface_endpoint_client.cc(702)] Message 1 rejected by interface blink.mojom.WidgetHost

12월 20, 2023 14:36:15.52 NEW SESSION
12월 20, 2023 14:36:15.55 [10968:7548:1220/143615.527:ERROR:CONSOLE(1)] "Request Network.loadNetworkResource failed. {"code":-32602,"message":"Unsupported URL scheme"}", source: devtools://devtools/bundled/devtools-frontend/front_end/core/protocol_client/protocol_client.js (1)
12월 20, 2023 14:45:39.99 [10968:7548:1220/144539.995:ERROR:CONSOLE(0)] "ReferenceError: dragEvent is not defined", source:  (0)
12월 20, 2023 16:12:47.16 [3400:16280:1220/161247.165:ERROR:interface_endpoint_client.cc(702)] Message 1 rejected by interface blink.mojom.WidgetHost

12월 21, 2023 09:15:49.71 NEW SESSION
12월 21, 2023 09:15:49.73 [15344:11348:1221/091549.712:ERROR:get_updates_processor.cc(263)] PostClientToServerMessage() failed during GetUpdates with error Network error (ERR_ABORTED)
12월 21, 2023 11:46:45.18 [7884:1984:1221/114645.179:ERROR:interface_endpoint_client.cc(702)] Message 1 rejected by interface blink.mojom.WidgetHost
12월 21, 2023 14:45:38.85 [13252:7080:1221/144538.856:ERROR:interface_endpoint_client.cc(702)] Message 1 rejected by interface blink.mojom.WidgetHost

12월 22, 2023 12:49:15.07 NEW SESSION
12월 22, 2023 12:49:15.11 [16044:14468:1222/124915.068:ERROR:interface_endpoint_client.cc(702)] Message 1 rejected by interface blink.mojom.WidgetHost
12월 22, 2023 13:21:11.06 [16044:13952:1222/132111.065:ERROR:connection_factory_impl.cc(471)] ConnectionHandler failed with net error: -2
12월 22, 2023 13:27:22.63 [16044:13952:1222/132722.629:ERROR:connection_factory_impl.cc(428)] Failed to connect to MCS endpoint with error -7
12월 22, 2023 14:41:53.85 INFO: Created TensorFlow Lite XNNPACK delegate for CPU.
12월 22, 2023 14:51:10.85 [10420:11436:1222/145110.850:ERROR:connection_factory_impl.cc(471)] ConnectionHandler failed with net error: -2

12월 26, 2023 09:40:12.79 NEW SESSION
12월 26, 2023 09:40:12.83 [16628:17824:1226/094012.793:ERROR:get_updates_processor.cc(263)] PostClientToServerMessage() failed during GetUpdates with error Network error (ERR_ABORTED)
12월 26, 2023 11:13:22.31 [12692:1952:1226/111322.312:ERROR:interface_endpoint_client.cc(702)] Message 1 rejected by interface blink.mojom.WidgetHost
12월 26, 2023 11:34:26.84 [12692:1952:1226/113426.848:ERROR:interface_endpoint_client.cc(702)] Message 0 rejected by interface blink.mojom.WidgetHost
12월 26, 2023 11:35:04.31 [12692:1952:1226/113504.311:ERROR:interface_endpoint_client.cc(702)] Message 0 rejected by interface blink.mojom.WidgetHost
12월 26, 2023 12:02:04.92 [12692:1952:1226/120204.921:ERROR:interface_endpoint_client.cc(702)] Message 3 rejected by interface blink.mojom.Widget
12월 26, 2023 12:02:04.93 [12692:1952:1226/120204.922:ERROR:interface_endpoint_client.cc(702)] Message 3 rejected by interface blink.mojom.Widget
12월 26, 2023 12:51:46.35 [12692:18216:1226/125146.354:ERROR:connection_factory_impl.cc(471)] ConnectionHandler failed with net error: -2
12월 26, 2023 12:52:49.37 [12692:18216:1226/125249.365:ERROR:connection_factory_impl.cc(471)] ConnectionHandler failed with net error: -2
12월 26, 2023 12:53:54.62 [12692:18216:1226/125354.620:ERROR:connection_factory_impl.cc(471)] ConnectionHandler failed with net error: -2
12월 26, 2023 13:58:14.60 [12692:18216:1226/135814.602:ERROR:connection_factory_impl.cc(428)] Failed to connect to MCS endpoint with error -7
12월 26, 2023 13:59:25.83 [12692:1952:1226/135925.834:ERROR:interface_endpoint_client.cc(702)] Message 1 rejected by interface blink.mojom.WidgetHost

12월 27, 2023 09:47:30.16 NEW SESSION
12월 27, 2023 09:47:30.19 [13136:6404:1227/094730.160:ERROR:get_updates_processor.cc(263)] PostClientToServerMessage() failed during GetUpdates with error Network error (ERR_ABORTED)
12월 27, 2023 09:49:08.93 [1176:10228:1227/094908.936:ERROR:CONSOLE(0)] "ReferenceError: dragEvent is not defined", source:  (0)
12월 27, 2023 12:53:54.71 [1956:16608:1227/125353.750:ERROR:connection_factory_impl.cc(471)] ConnectionHandler failed with net error: -2
12월 27, 2023 12:53:55.34 [1956:16608:1227/125355.340:ERROR:connection_factory_impl.cc(471)] ConnectionHandler failed with net error: -2
12월 27, 2023 13:04:59.18 [1956:16608:1227/130459.186:ERROR:connection_factory_impl.cc(471)] ConnectionHandler failed with net error: -2
12월 27, 2023 13:05:00.51 [1956:16608:1227/130500.512:ERROR:connection_factory_impl.cc(471)] ConnectionHandler failed with net error: -2
12월 27, 2023 13:06:04.83 [1956:16608:1227/130604.835:ERROR:connection_factory_impl.cc(471)] ConnectionHandler failed with net error: -2
12월 27, 2023 13:07:08.66 [1956:16608:1227/130708.662:ERROR:connection_factory_impl.cc(471)] ConnectionHandler failed with net error: -2
12월 27, 2023 13:49:48.16 [1956:16608:1227/134948.157:ERROR:connection_factory_impl.cc(428)] Failed to connect to MCS endpoint with error -7

12월 28, 2023 12:51:54.63 NEW SESSION
12월 28, 2023 12:51:55.66 [4676:16312:1228/125154.624:ERROR:connection_factory_impl.cc(471)] ConnectionHandler failed with net error: -2
12월 28, 2023 12:53:00.66 [4676:16312:1228/125300.660:ERROR:connection_factory_impl.cc(471)] ConnectionHandler failed with net error: -2
12월 28, 2023 12:54:04.81 [4676:16312:1228/125404.816:ERROR:connection_factory_impl.cc(471)] ConnectionHandler failed with net error: -2
12월 28, 2023 13:31:39.68 [4676:16312:1228/133139.683:ERROR:connection_factory_impl.cc(428)] Failed to connect to MCS endpoint with error -103

12월 28, 2023 14:07:33.31 NEW SESSION
12월 28, 2023 14:07:33.33 [15148:10304:1228/140733.279:ERROR:interface_endpoint_client.cc(702)] Message 1 rejected by interface blink.mojom.WidgetHost

1월 02, 2024 09:50:44.72 NEW SESSION
1월 02, 2024 09:50:44.75 [4424:9968:0102/095044.716:ERROR:get_updates_processor.cc(263)] PostClientToServerMessage() failed during GetUpdates with error Network error (ERR_ABORTED)

1월 02, 2024 14:44:01.63 NEW SESSION
1월 02, 2024 14:44:01.65 [1520:11976:0102/144401.629:ERROR:interface_endpoint_client.cc(702)] Message 0 rejected by interface blink.mojom.WidgetHost
1월 02, 2024 16:38:47.53 [18376:7392:0102/163847.530:ERROR:get_updates_processor.cc(263)] PostClientToServerMessage() failed during GetUpdates with error Network error (ERR_ABORTED)

1월 03, 2024 12:18:28.47 NEW SESSION
1월 03, 2024 12:18:28.52 [8200:11736:0103/121828.466:ERROR:interface_endpoint_client.cc(702)] Message 1 rejected by interface blink.mojom.WidgetHost
